<?xml version="1.0" encoding="UTF-8"?>
<!-- Generated by org.testng.reporters.JUnitReportReporter -->
<testsuite skipped="0" hostname="DESKTOP-B6FJLPG" name="Academy.HomePage" tests="1" failures="0" timestamp="03 十月 2017 20:18:54 GMT" time="14.324" errors="0">
  <testcase name="baseSearchForPhone" time="14.324" classname="Academy.HomePage"/>
</testsuite> <!-- Academy.HomePage -->
