<?xml version="1.0" encoding="UTF-8"?>
<!-- Generated by org.testng.reporters.JUnitReportReporter -->
<testsuite skipped="0" hostname="DESKTOP-B6FJLPG" name="Academy.validateLogin" tests="2" failures="0" timestamp="03 十月 2017 20:19:48 GMT" time="3.707" errors="0">
  <testcase name="validateLoginUser" time="2.193" classname="Academy.validateLogin"/>
  <testcase name="validateLoginUser" time="1.514" classname="Academy.validateLogin"/>
</testsuite> <!-- Academy.validateLogin -->
