<?xml version="1.0" encoding="UTF-8"?>
<!-- Generated by org.testng.reporters.JUnitReportReporter -->
<testsuite skipped="0" hostname="DESKTOP-B6FJLPG" name="Academy.validateRegister" tests="1" failures="0" timestamp="09 十月 2017 22:18:29 GMT" time="0.198" errors="0">
  <testcase name="createNewUser" time="0.198" classname="Academy.validateRegister"/>
</testsuite> <!-- Academy.validateRegister -->
